     1                                  bits 32 ; assembling for the 32 bits architecture
     2                                  
     3                                  ; declare the EntryPoint (a label defining the very first instruction of the program)
     4                                  global start        
     5                                  
     6                                  ; declare external functions needed by our program
     7                                  extern exit               ; tell nasm that exit exists even if we won't be defining it
     8                                  import exit msvcrt.dll    ; exit is a function that ends the calling process. It is defined in msvcrt.dll
     9                                                            ; msvcrt.dll contains exit, printf and all the other important C-runtime specific functions
    10                                  
    11                                  ; our data is declared here (the variables needed by our program)
    12                                  segment data use32 class=data
    13 00000000 03                          a db 3
    14 00000001 0200                        e dw 2
    15 00000003 0100                        f dw 1
    16                                  
    17                                  ; our code starts here
    18                                  segment code use32 class=code
    19                                      start:
    20                                          ; a,b,c,d-byte, e,f,g,h-word    16.a*a-(e+f)
    21                                      
    22 00000000 A0[00000000]                    mov al,[a]
    23 00000005 F6E0                            mul al  ; al:a*a
    24 00000007 B400                            mov ah,0; unsigned conversion
    25 00000009 668B1D[01000000]                mov bx,[e]
    26 00000010 66031D[03000000]                add bx,[f]; bx:e+first
    27 00000017 6629D8                          sub ax,bx; ax: a*a-(e+f)
    28 0000001A 6A00                            push    dword 0      ; push the parameter for exit onto the stack
    29 0000001C FF15[00000000]                  call    [exit]       ; call exit to terminate the program
