     1                                  bits 32 ; assembling for the 32 bits architecture
     2                                  
     3                                  ; declare the EntryPoint (a label defining the very first instruction of the program)
     4                                  global start        
     5                                  
     6                                  ; declare external functions needed by our program
     7                                  extern exit               ; tell nasm that exit exists even if we won't be defining it
     8                                  import exit msvcrt.dll    ; exit is a function that ends the calling process. It is defined in msvcrt.dll
     9                                                            ; msvcrt.dll contains exit, printf and all the other important C-runtime specific functions
    10                                  
    11                                  ; our data is declared here (the variables needed by our program)
    12                                  segment data use32 class=data
    13 00000000 01                          a db 1
    14 00000001 01                          b db 1 
    15 00000002 02                          c db 2
    16 00000003 01                          d db 1
    17                                  
    18                                  ; our code starts here
    19                                  segment code use32 class=code
    20                                      start:
    21                                          ; a,b,c,d - byte     1.c-(a+d)+(b+d)
    22 00000000 A0[00000000]                    mov al,[a]
    23 00000005 8A1D[03000000]                  mov bl,[d] 
    24 0000000B 00D8                            add al,bl  ; a+d
    25 0000000D 88C1                            mov cl,al    ; moving a+d in cl to use al for storing c
    26 0000000F A0[02000000]                    mov al,[c] 
    27 00000014 28C8                            sub al,cl ; c-(a+d)
    28 00000016 8A1D[01000000]                  mov bl,[b]
    29 0000001C 8A0D[03000000]                  mov cl,[d]
    30 00000022 00CB                            add bl,cl ; b+d
    31 00000024 00D8                            add al,bl
    32                                          
    33                                      
    34                                          ; exit(0)
    35 00000026 6A00                            push    dword 0      ; push the parameter for exit onto the stack
    36 00000028 FF15[00000000]                  call    [exit]       ; call exit to terminate the program
