     1                                  ;a,b,c,d-byte, e,f,g,h-word
     2                                  ;29[[b*c-(e+f)]/(a+d)
     3                                  bits 32 
     4                                  global  start 
     5                                  
     6                                  extern  exit
     7                                  
     8                                  import  exit msvcrt.dll
     9                                          
    10                                  segment  data use32 class=data 
    11 00000000 04                      	a db 4
    12 00000001 06                          b db 6
    13 00000002 02                          c db 2
    14 00000003 08                          d db 8
    15 00000004 6400                        e dw 100
    16 00000006 C800                        f dw 200
    17 00000008 00                          aux db 0
    18                                  segment  code use32 class=code ; code segment
    19                                  start: 
    20                                      
    21 00000000 66A1[01000000]              mov ax,[b]
    22 00000006 668B0D[02000000]            mov cx,[c]
    23 0000000D 66F7E1                      mul cx
    24 00000010 A2[08000000]                mov [aux],al
    25 00000015 66A1[04000000]              mov ax,[e]
    26 0000001B 668B0D[06000000]            mov cx,[f]
    27 00000022 6601C1                      add cx,ax
    28 00000025 66A1[08000000]              mov ax,[aux]
    29 0000002B 6629C8                      sub ax,cx
    30 0000002E 668B0D[00000000]            mov cx,[a]
    31 00000035 668B1D[03000000]            mov bx,[d]
    32 0000003C 6601D9                      add cx,bx
    33 0000003F F6F9                        idiv cl
    34                                      
    35 00000041 6A00                        push   dword 0 
    36 00000043 FF15[00000000]          	call   [exit] 
