     1                                  bits 32 
     2                                  global  start 
     3                                  ;a - byte, b - word, c - double word, d - qword - Unsigned representation
     4                                  ;c-a-(b+a)+c
     5                                  extern  exit
     6                                  
     7                                  import  exit msvcrt.dll
     8                                          
     9                                  segment  data use32 class=data 
    10 00000000 04                      	a db 4
    11 00000001 2C01                        b dw 300
    12 00000003 F4010000                    c dd 500
    13                                      
    14                                     
    15                                  segment  code use32 class=code ; code segment
    16                                  start: 
    17 00000000 A0[00000000]                mov al,[a]
    18 00000005 B400                        mov ah,0
    19 00000007 668B1D[01000000]            mov bx,[b]
    20 0000000E 6601D8                      add ax,bx
    21 00000011 6689C3                      mov bx,ax; avem valoarea in bx a lui b+a
    22 00000014 B800000000                  mov eax,0
    23 00000019 A1[03000000]                mov eax,[c]
    24 0000001E B900000000                  mov ecx,0
    25 00000023 8A0D[00000000]              mov cl,[a]
    26 00000029 29C8                        sub eax,ecx; in eax va fi c-a
    27 0000002B B900000000                  mov ecx,0
    28 00000030 6689D9                      mov cx,bx
    29 00000033 29C8                        sub eax,ecx
    30 00000035 B900000000                  mov ecx,0
    31 0000003A 8B0D[03000000]              mov ecx,[c]
    32 00000040 01C8                        add eax,ecx
    33 00000042 6A00                        push   dword 0 
    34 00000044 FF15[00000000]          	call   [exit] 
