     1                                  ;A byte string S of length l is given. Obtain the string D of length l-1, such that each element of D is the quotient of two consecutive ;elements of S, i.e. D(i) = S(i) / S(i+1).
     2                                  ;Example:
     3                                  ;S: 1, 6, 3, 1
     4                                  ;D: 0, 2, 3
     5                                  bits 32 
     6                                  global start        
     7                                  extern exit ; tell nasm that exit exists even if we won't be defining it
     8                                  import exit msvcrt.dll ; exit is a function that ends the calling process. It is defined in msvcrt.dll
     9                                  
    10                                  segment data use32 class=data
    11 00000000 01060301                	s db 1,6,3,1 ; declare the string of bytes
    12                                  	l equ $-s ; compute the length of the string in l
    13 00000004 00<rept>                	d times l-1 db 0 ; reserve l bytes for the destination string and initialize it
    14                                  segment code use32 class=code
    15                                  start:
    16 00000000 B903000000              	mov ecx, l-1 ; we put the length l-1 in ECX in order to make the loop
    17 00000005 BE00000000              	mov esi, 0     
    18 0000000A E319                    	jecxz Sfarsit      
    19                                  	Repeta:
    20                                          
    21 0000000C 8A86[00000000]          		mov al, [s+esi]
    22 00000012 6698                            cbw
    23 00000014 8A9E[01000000]                  mov bl, [s+esi+1]
    24 0000001A F6FB                            idiv bl            
    25 0000001C 8886[04000000]          		mov [d+esi], al    
    26 00000022 46                      		inc esi
    27 00000023 E2E7                    	loop Repeta
    28                                  	Sfarsit:
    29                                  
    30                                  	
    31 00000025 6A00                    	push dword 0
    32 00000027 FF15[00000000]          	call [exit] 
